Base path: /Applications/Unity/Unity.app/Contents
Pipe name: \\.\pipe\UnityShaderCompiler-64bit-1-2099225344
Cmd: getPlatforms
Cmd: preprocess
  insize=1173 outsize=1023 ok=1
Cmd: compileSnippet
  api=0 type=0 insize=452 outsize=2188 kw= ok=1
Cmd: compileSnippet
  api=0 type=1 insize=452 outsize=6 kw= ok=1
Cmd: preprocess
  insize=1154 outsize=1004 ok=1
Cmd: compileSnippet
  api=0 type=0 insize=452 outsize=2188 kw= ok=1
Cmd: compileSnippet
  api=0 type=1 insize=452 outsize=6 kw= ok=1
Cmd: preprocess
  insize=2109 outsize=1005 ok=1
Cmd: compileSnippet
  api=0 type=0 insize=1406 outsize=2265 kw= ok=1
Cmd: compileSnippet
  api=0 type=1 insize=1406 outsize=6 kw= ok=1
Cmd: preprocess
  insize=1167 outsize=1017 ok=1
Cmd: compileSnippet
  api=0 type=0 insize=6731 outsize=2252 kw=DIRECTIONAL LIGHTMAP_OFF DIRLIGHTMAP_OFF DYNAMICLIGHTMAP_OFF ok=1
Cmd: compileSnippet
  api=0 type=1 insize=6731 outsize=6 kw=DIRECTIONAL LIGHTMAP_OFF DIRLIGHTMAP_OFF DYNAMICLIGHTMAP_OFF ok=1
Cmd: compileSnippet
  api=0 type=0 insize=3569 outsize=1441 kw=DIRECTIONAL ok=1
Cmd: compileSnippet
  api=0 type=1 insize=3569 outsize=6 kw=DIRECTIONAL ok=1
Cmd: compileSnippet
  api=0 type=0 insize=1051 outsize=582 kw= ok=1
Cmd: compileSnippet
  api=0 type=1 insize=1051 outsize=6 kw= ok=1
Cmd: compileSnippet
  api=0 type=0 insize=959 outsize=407 kw= ok=1
Cmd: compileSnippet
  api=0 type=1 insize=959 outsize=6 kw= ok=1
